TN:
SF:src\types.ts
FNF:0
FNH:0
LF:0
LH:0
BRF:0
BRH:0
end_of_record
TN:
SF:src\components\ConfirmDeleteDialog.tsx
FN:11,ConfirmDeleteDialog
FNF:1
FNH:1
FNDA:13,ConfirmDeleteDialog
DA:17,13
LF:1
LH:1
BRDA:23,0,0,4
BRDA:23,0,1,9
BRF:2
BRH:2
end_of_record
TN:
SF:src\components\SearchBar.tsx
FN:9,SearchBar
FN:23,(anonymous_1)
FNF:2
FNH:2
FNDA:14,SearchBar
FNDA:3,(anonymous_1)
DA:10,14
DA:12,14
DA:23,3
LF:3
LH:3
BRF:0
BRH:0
end_of_record
TN:
SF:src\components\SearchResultCard.tsx
FN:10,SearchResultCard
FNF:1
FNH:1
FNDA:2,SearchResultCard
DA:11,2
DA:12,2
LF:2
LH:2
BRDA:15,0,0,0
BRDA:15,0,1,2
BRDA:19,1,0,0
BRDA:19,1,1,2
BRDA:20,2,0,0
BRDA:20,2,1,2
BRF:6
BRH:3
end_of_record
TN:
SF:src\components\TaskCard.tsx
FN:10,TaskCard
FN:23,(anonymous_1)
FNF:2
FNH:2
FNDA:15,TaskCard
FNDA:2,(anonymous_1)
DA:11,15
DA:12,15
DA:23,2
LF:3
LH:3
BRDA:19,0,0,3
BRDA:19,0,1,12
BRDA:20,1,0,3
BRDA:20,1,1,12
BRF:4
BRH:4
end_of_record
TN:
SF:src\components\TaskForm.tsx
FN:8,TaskForm
FN:11,(anonymous_1)
FNF:2
FNH:2
FNDA:21,TaskForm
FNDA:6,(anonymous_1)
DA:9,21
DA:11,21
DA:12,6
DA:13,4
DA:16,21
LF:5
LH:5
BRDA:12,0,0,2
BRDA:12,0,1,4
BRF:2
BRH:2
end_of_record
TN:
SF:src\components\TaskList.tsx
FN:11,TaskList
FN:11,(anonymous_1)
FN:23,(anonymous_2)
FN:24,(anonymous_3)
FNF:4
FNH:3
FNDA:14,TaskList
FNDA:0,(anonymous_1)
FNDA:14,(anonymous_2)
FNDA:8,(anonymous_3)
DA:12,14
DA:13,8
DA:16,6
DA:23,14
DA:24,8
LF:5
LH:5
BRDA:11,0,0,4
BRDA:12,1,0,8
BRDA:12,1,1,6
BRDA:19,2,0,4
BRDA:19,2,1,2
BRF:5
BRH:5
end_of_record
TN:
SF:src\hooks\useCounter.ts
FN:3,useCounter
FN:6,(anonymous_1)
FN:6,(anonymous_2)
FN:7,(anonymous_3)
FN:7,(anonymous_4)
FN:8,(anonymous_5)
FNF:6
FNH:6
FNDA:9,useCounter
FNDA:3,(anonymous_1)
FNDA:3,(anonymous_2)
FNDA:1,(anonymous_3)
FNDA:1,(anonymous_4)
FNDA:1,(anonymous_5)
DA:4,9
DA:6,9
DA:7,9
DA:8,9
DA:10,9
LF:5
LH:5
BRDA:3,0,0,3
BRF:1
BRH:1
end_of_record
TN:
SF:src\hooks\useCreateTask.ts
FN:5,useCreateTask
FN:9,(anonymous_1)
FN:13,(anonymous_2)
FN:21,(anonymous_3)
FN:22,(anonymous_4)
FN:22,(anonymous_5)
FNF:6
FNH:6
FNDA:20,useCreateTask
FNDA:8,(anonymous_1)
FNDA:6,(anonymous_2)
FNDA:1,(anonymous_3)
FNDA:1,(anonymous_4)
FNDA:1,(anonymous_5)
DA:6,20
DA:7,20
DA:9,20
DA:10,8
DA:11,8
DA:12,8
DA:13,6
DA:14,6
DA:16,2
DA:17,2
DA:21,20
DA:22,1
DA:25,20
LF:13
LH:13
BRF:0
BRH:0
end_of_record
TN:
SF:src\hooks\useSearchTasks.ts
FN:8,useSearchTasks
FN:12,(anonymous_1)
FNF:2
FNH:2
FNDA:9,useSearchTasks
FNDA:3,(anonymous_1)
DA:9,9
DA:10,9
DA:12,9
DA:13,3
DA:14,3
DA:15,3
DA:16,2
DA:17,2
DA:19,1
DA:20,1
DA:24,9
LF:11
LH:11
BRF:0
BRH:0
end_of_record
TN:
SF:src\hooks\useTaskList.ts
FN:4,useTaskList
FN:8,(anonymous_1)
FN:19,(anonymous_2)
FN:22,(anonymous_3)
FN:23,(anonymous_4)
FN:23,(anonymous_5)
FNF:6
FNH:6
FNDA:10,useTaskList
FNDA:4,(anonymous_1)
FNDA:2,(anonymous_2)
FNDA:1,(anonymous_3)
FNDA:1,(anonymous_4)
FNDA:2,(anonymous_5)
DA:5,10
DA:6,10
DA:8,10
DA:9,4
DA:10,2
DA:11,2
DA:13,2
DA:14,2
DA:19,2
DA:22,10
DA:23,2
DA:26,10
DA:28,10
LF:13
LH:13
BRDA:4,0,0,8
BRDA:9,1,0,2
BRDA:9,1,1,2
BRF:3
BRH:3
end_of_record
TN:
SF:src\schemas\searchSchema.ts
FN:8,(anonymous_0)
FNF:1
FNH:1
FNDA:1,(anonymous_0)
DA:4,1
DA:8,1
DA:12,1
LF:3
LH:3
BRF:0
BRH:0
end_of_record
TN:
SF:src\schemas\taskSchema.ts
FNF:0
FNH:0
DA:3,1
DA:10,1
LF:2
LH:2
BRF:0
BRH:0
end_of_record
TN:
SF:src\screens\CreateTaskScreen.tsx
FN:10,CreateTaskScreen
FN:15,(anonymous_1)
FN:22,(anonymous_2)
FN:57,(anonymous_3)
FN:58,(anonymous_4)
FNF:5
FNH:3
FNDA:9,CreateTaskScreen
FNDA:2,(anonymous_1)
FNDA:9,(anonymous_2)
FNDA:0,(anonymous_3)
FNDA:0,(anonymous_4)
DA:11,9
DA:12,9
DA:13,9
DA:15,9
DA:22,9
DA:23,9
DA:24,2
DA:25,7
DA:26,1
DA:30,9
DA:57,0
DA:59,0
DA:60,0
LF:13
LH:10
BRDA:23,0,0,2
BRDA:23,0,1,7
BRDA:25,1,0,1
BRDA:25,1,1,6
BRDA:43,2,0,9
BRDA:43,2,1,2
BRDA:48,3,0,9
BRDA:48,3,1,1
BRDA:59,4,0,0
BRDA:59,4,1,0
BRF:10
BRH:8
end_of_record
TN:
SF:src\screens\SearchTaskScreen.tsx
FN:9,SearchTaskScreen
FN:35,(anonymous_1)
FN:36,(anonymous_2)
FNF:3
FNH:3
FNDA:9,SearchTaskScreen
FNDA:3,(anonymous_1)
FNDA:2,(anonymous_2)
DA:10,9
DA:11,9
DA:13,9
DA:35,3
DA:36,2
LF:5
LH:5
BRDA:21,0,0,9
BRDA:21,0,1,1
BRDA:27,1,0,9
BRDA:27,1,1,2
BRDA:27,1,2,1
BRF:5
BRH:5
end_of_record
TN:
SF:src\services\taskService.ts
FN:5,fetchTasks
FN:16,searchTasks
FN:26,createTask
FNF:3
FNH:2
FNDA:0,fetchTasks
FNDA:3,searchTasks
FNDA:3,createTask
DA:3,3
DA:6,0
DA:7,0
DA:8,0
DA:17,3
DA:18,3
DA:19,2
DA:27,3
DA:32,3
DA:33,2
LF:10
LH:7
BRDA:7,0,0,0
BRDA:7,0,1,0
BRDA:18,1,0,1
BRDA:18,1,1,2
BRDA:32,2,0,1
BRDA:32,2,1,2
BRF:6
BRH:4
end_of_record
TN:
SF:src\utils\filterTasks.ts
FN:7,filterTasksByStatus
FN:12,(anonymous_1)
FNF:2
FNH:2
FNDA:8,filterTasksByStatus
FNDA:12,(anonymous_1)
DA:5,1
DA:8,8
DA:9,2
DA:11,6
DA:12,12
LF:5
LH:5
BRDA:8,0,0,2
BRDA:8,0,1,6
BRDA:11,1,0,1
BRDA:11,1,1,5
BRF:4
BRH:4
end_of_record
TN:
SF:src\utils\validateTask.ts
FN:1,validateTaskTitle
FNF:1
FNH:1
FNDA:10,validateTaskTitle
DA:2,10
DA:3,4
DA:5,6
DA:6,2
DA:8,4
DA:9,1
DA:11,3
LF:7
LH:7
BRDA:2,0,0,4
BRDA:2,0,1,6
BRDA:2,1,0,10
BRDA:2,1,1,7
BRDA:5,2,0,2
BRDA:5,2,1,4
BRDA:8,3,0,1
BRDA:8,3,1,3
BRF:8
BRH:8
end_of_record
